[globals/init_openram]: Initializing OpenRAM...
[globals/setup_paths]: Temporary files saved in /tmp/openram_mrg_18998_temp/
[globals/read_config]: Configuration file is /soe/mrg/OpenRAM/lib/scn3me_subm/configs/sram_1rw_32b_256w_1bank_scn3me_subm.py
[globals/read_config]: Output saved in ./
[globals/import_tech]: Technology path is /soe/mrg/OpenRAM/technology/scn3me_subm/
|==============================================================================|
|=========                      OpenRAM Compiler                      =========|
|=========                                                            =========|
|=========               VLSI Design and Automation Lab               =========|
|=========     University of California Santa Cruz CE Department      =========|
|=========                                                            =========|
|=========         VLSI Computer Architecture Research Group          =========|
|=========          Oklahoma State University ECE Department          =========|
|=========                                                            =========|
|=========          Usage help: openram-user-group@ucsc.edu           =========|
|=========        Development help: openram-dev-group@ucsc.edu        =========|
|=========           Temp dir: /tmp/openram_mrg_18998_temp/           =========|
|==============================================================================|
Output files are sram_1rw_32b_256w_1bank_scn3me_subm.(sp|gds|v|lib|lef)
Technology: scn3me_subm
Word size: 32
Words: 256
Banks: 1
[globals/get_tool]: Using DRC: /bsoe/software/mentor/calibre/aoi_cal_2017.3_29.23/bin/calibre
[globals/get_tool]: Using LVS: /bsoe/software/mentor/calibre/aoi_cal_2017.3_29.23/bin/calibre
[globals/get_tool]: Using PEX: /bsoe/software/mentor/calibre/aoi_cal_2017.3_29.23/bin/calibre
** Start: 2018-02-23 17:53:13.352219 seconds
[sram/compute_sizes]: Words per row: 4
[control_logic/__init__]: Creating control_logic
[ms_flop_array/__init__]: Creating msf_control
[verify.calibre/run_drc]: msf_control	Geometries: 676	Checks: 31	Errors: 0
[bitcell_array/__init__]: Creating bitline_load 13 x 1
[verify.calibre/run_drc]: bitline_load	Geometries: 791	Checks: 31	Errors: 0
[verify.calibre/run_drc]: delay_chain	Geometries: 529	Checks: 31	Errors: 0
[verify.calibre/run_drc]: replica_bitline	Geometries: 1588	Checks: 31	Errors: 0
[verify.calibre/run_drc]: control_logic	Geometries: 3356	Checks: 31	Errors: 0
[bitcell_array/__init__]: Creating bitcell_array 64 x 128
[verify.calibre/run_drc]: bitcell_array	Geometries: 483809	Checks: 31	Errors: 0
[precharge_array/__init__]: Creating precharge_array
[verify.calibre/run_drc]: precharge	Geometries: 54	Checks: 31	Errors: 0
[verify.calibre/run_drc]: precharge_array	Geometries: 14082	Checks: 31	Errors: 0
[single_level_column_mux_array/__init__]: Creating columnmux_array
[verify.calibre/run_drc]: columnmux_array	Geometries: 9284	Checks: 31	Errors: 0
[sense_amp_array/__init__]: Creating sense_amp_array
[verify.calibre/run_drc]: sense_amp_array	Geometries: 2531	Checks: 31	Errors: 0
[write_driver_array/__init__]: Creating write_driver_array
[verify.calibre/run_drc]: write_driver_array	Geometries: 4067	Checks: 31	Errors: 0
[verify.calibre/run_drc]: pre2x4	Geometries: 603	Checks: 31	Errors: 0
[verify.calibre/run_drc]: pre3x8	Geometries: 1396	Checks: 31	Errors: 0
[verify.calibre/run_drc]: hierarchical_decoder_64rows	Geometries: 20501	Checks: 31	Errors: 0
[ms_flop_array/__init__]: Creating msf_address
[verify.calibre/run_drc]: msf_address	Geometries: 1798	Checks: 31	Errors: 0
[ms_flop_array/__init__]: Creating msf_data_in
[verify.calibre/run_drc]: msf_data_in	Geometries: 7202	Checks: 31	Errors: 0
[tri_gate_array/__init__]: Creating tri_gate_array
[verify.calibre/run_drc]: tri_gate_array	Geometries: 1828	Checks: 31	Errors: 0
[verify.calibre/run_drc]: wordline_driver	Geometries: 10754	Checks: 31	Errors: 0
[verify.calibre/run_drc]: bank	Geometries: 569737	Checks: 31	Errors: 0
[verify.calibre/run_drc]: sram_1rw_32b_256w_1bank_scn3me_subm	Geometries: 575214	Checks: 31	Errors: 0
** SRAM creation: 157.4 seconds
SP: Writing to ./sram_1rw_32b_256w_1bank_scn3me_subm.sp
** Spice writing: 0.1 seconds
[globals/get_tool]: Using spice: /bsoe/software/synopsys/xa/bin/xa
LIB: Characterizing... 
Performing simulation-based characterization with xa
Trimming netlist to speed up characterization.
[characterizer.lib/prepare_tables]: Loads: [  2.45605   9.8242   78.5936 ]
[characterizer.lib/prepare_tables]: Slews: [ 0.0125  0.05    0.4   ]
[characterizer.lib/characterize_corners]: Corner: ('TT', 5.0, 25)
[characterizer.lib/characterize_corners]: Writing to ./sram_1rw_32b_256w_1bank_scn3me_subm_TT_5p0V_25C.lib
[characterizer.trim_spice/__init__]: Trimming non-critical cells to speed-up characterization: /tmp/openram_mrg_18998_temp/reduced.sp.
[characterizer.trim_spice/trim]: Keeping 11111111 address
[characterizer.trim_spice/trim]: Keeping 31 data bit
[characterizer.trim_spice/trim]: Keeping bl[127] (trimming other BLs)
[characterizer.trim_spice/trim]: Keeping wl[63] (trimming other WLs)
[characterizer.delay/find_feasible_period]: Trying feasible period: 5.0ns
[characterizer.delay/find_feasible_period]: Trying feasible period: 10.0ns
[characterizer.delay/find_feasible_period]: Trying feasible period: 20.0ns
[characterizer.delay/find_feasible_period]: Found feasible_period: 20.0ns feasible_delay 10.777462ns/1.9428786ns slew 11.093388ns/1.6047152ns
[characterizer.delay/find_min_period]: MinPeriod Search: 10.0ns (ub: 20.0 lb: 0.0)
[characterizer.delay/find_min_period]: MinPeriod Search: 15.0ns (ub: 20.0 lb: 10.0)
[characterizer.delay/find_min_period]: MinPeriod Search: 17.5ns (ub: 20.0 lb: 15.0)
[characterizer.delay/find_min_period]: MinPeriod Search: 18.75ns (ub: 20.0 lb: 17.5)
[characterizer.delay/find_min_period]: MinPeriod Search: 19.375ns (ub: 20.0 lb: 18.75)
[characterizer.delay/analyze]: Min Period: 20.0n with a delay of 10.777462 / 1.9428786
[characterizer.setup_hold/analyze]: Clock slew: 0.0125 Data slew: 0.0125
[characterizer.setup_hold/analyze]:   Setup Time for low_to_high transistion: 0.075683594
[characterizer.setup_hold/analyze]:   Setup Time for high_to_low transistion: 0.0390625
[characterizer.setup_hold/analyze]:   Hold Time for low_to_high transistion: -0.0036621094
[characterizer.setup_hold/analyze]:   Hold Time for high_to_low transistion: -0.052490234
[characterizer.setup_hold/analyze]: Clock slew: 0.0125 Data slew: 0.05
[characterizer.setup_hold/analyze]:   Setup Time for low_to_high transistion: 0.075683594
[characterizer.setup_hold/analyze]:   Setup Time for high_to_low transistion: 0.0390625
[characterizer.setup_hold/analyze]:   Hold Time for low_to_high transistion: -0.0036621094
[characterizer.setup_hold/analyze]:   Hold Time for high_to_low transistion: -0.05859375
[characterizer.setup_hold/analyze]: Clock slew: 0.0125 Data slew: 0.4
[characterizer.setup_hold/analyze]:   Setup Time for low_to_high transistion: 0.14892578
[characterizer.setup_hold/analyze]:   Setup Time for high_to_low transistion: 0.026855469
[characterizer.setup_hold/analyze]:   Hold Time for low_to_high transistion: 0.0085449219
[characterizer.setup_hold/analyze]:   Hold Time for high_to_low transistion: -0.13183594
[characterizer.setup_hold/analyze]: Clock slew: 0.05 Data slew: 0.0125
[characterizer.setup_hold/analyze]:   Setup Time for low_to_high transistion: 0.075683594
[characterizer.setup_hold/analyze]:   Setup Time for high_to_low transistion: 0.0390625
[characterizer.setup_hold/analyze]:   Hold Time for low_to_high transistion: -0.0036621094
[characterizer.setup_hold/analyze]:   Hold Time for high_to_low transistion: -0.052490234
[characterizer.setup_hold/analyze]: Clock slew: 0.05 Data slew: 0.05
[characterizer.setup_hold/analyze]:   Setup Time for low_to_high transistion: 0.075683594
[characterizer.setup_hold/analyze]:   Setup Time for high_to_low transistion: 0.0390625
[characterizer.setup_hold/analyze]:   Hold Time for low_to_high transistion: -0.0036621094
[characterizer.setup_hold/analyze]:   Hold Time for high_to_low transistion: -0.05859375
[characterizer.setup_hold/analyze]: Clock slew: 0.05 Data slew: 0.4
[characterizer.setup_hold/analyze]:   Setup Time for low_to_high transistion: 0.14892578
[characterizer.setup_hold/analyze]:   Setup Time for high_to_low transistion: 0.026855469
[characterizer.setup_hold/analyze]:   Hold Time for low_to_high transistion: 0.0085449219
[characterizer.setup_hold/analyze]:   Hold Time for high_to_low transistion: -0.13183594
[characterizer.setup_hold/analyze]: Clock slew: 0.4 Data slew: 0.0125
[characterizer.setup_hold/analyze]:   Setup Time for low_to_high transistion: 0.075683594
[characterizer.setup_hold/analyze]:   Setup Time for high_to_low transistion: 0.0390625
[characterizer.setup_hold/analyze]:   Hold Time for low_to_high transistion: -0.0036621094
[characterizer.setup_hold/analyze]:   Hold Time for high_to_low transistion: -0.052490234
[characterizer.setup_hold/analyze]: Clock slew: 0.4 Data slew: 0.05
[characterizer.setup_hold/analyze]:   Setup Time for low_to_high transistion: 0.075683594
[characterizer.setup_hold/analyze]:   Setup Time for high_to_low transistion: 0.0390625
[characterizer.setup_hold/analyze]:   Hold Time for low_to_high transistion: -0.0036621094
[characterizer.setup_hold/analyze]:   Hold Time for high_to_low transistion: -0.05859375
[characterizer.setup_hold/analyze]: Clock slew: 0.4 Data slew: 0.4
[characterizer.setup_hold/analyze]:   Setup Time for low_to_high transistion: 0.14892578
[characterizer.setup_hold/analyze]:   Setup Time for high_to_low transistion: 0.026855469
[characterizer.setup_hold/analyze]:   Hold Time for low_to_high transistion: 0.0085449219
[characterizer.setup_hold/analyze]:   Hold Time for high_to_low transistion: -0.13183594
** Characterization: 3663.3 seconds
GDS: Writing to ./sram_1rw_32b_256w_1bank_scn3me_subm.gds
** GDS: 1.2 seconds
LEF: Writing to ./sram_1rw_32b_256w_1bank_scn3me_subm.lef
** LEF: 3.7 seconds
Verilog: Writing to ./sram_1rw_32b_256w_1bank_scn3me_subm.v
** Verilog: 0.0 seconds
** End: 3825.9 seconds
