[globals/init_openram]: Initializing OpenRAM...
[globals/setup_paths]: Setting up paths...
[globals/setup_paths]: Temporary files saved in /home/jesse/output/
[globals/read_config]: Configuration file is /home/jesse/openram/compiler/tests/configs/config.py
[globals/read_config]: Output saved in /home/jesse/openram/./
[globals/import_tech]: Importing technology: s8
[globals/import_tech]: Adding technology path: /home/jesse/openram/technology
[globals/init_paths]: Creating temp directory: /home/jesse/output/
[verify/<module>]: Initializing verify...
[verify/<module>]: Finding DRC/LVS/PEX tools.
[globals/get_tool]: Finding DRC tool...
[globals/get_tool]: Using DRC: /usr/local/bin/magic
[globals/get_tool]: Finding LVS tool...
[globals/get_tool]: Using LVS: /usr/local/bin/netgen
[globals/get_tool]: Finding PEX tool...
[globals/get_tool]: Using PEX: /usr/local/bin/magic
[characterizer/<module>]: Initializing characterizer...
[characterizer/<module>]: Analytical model enabled.
[__main__/runTest]: Checking 1x size inverter
[pinv/__init__]: creating pinv structure pinv_0 with size of 1
[pinv/determine_tx_mults]: Height avail 3.4500 PMOS 1.6200 NMOS 1.6200
