CIF file read warning: CIF style vendorimport: units rescaled by factor of 5 / 1
Error while reading cell "cell_1rw_1r" (byte position 7482): Unknown layer/datatype in boundary, layer=33 type=42
Error while reading cell "cell_1rw_1r" (byte position 11258): Unknown layer/datatype in boundary, layer=33 type=43
Error while reading cell "cell_1rw_1r" (byte position 15450): Unknown layer/datatype in boundary, layer=22 type=21
Error while reading cell "cell_1rw_1r" (byte position 21978): Unknown layer/datatype in boundary, layer=22 type=22
Error while reading cell "cell_1rw_1r" (byte position 22234): Unknown layer/datatype in boundary, layer=92 type=44
Error while reading cell "cell_1rw_1r" (byte position 26490): Unknown layer/datatype in boundary, layer=235 type=0
Error while reading cell "row_cap_cell_1rw_1r" (byte position 272610): Unknown layer/datatype in boundary, layer=33 type=42
Error while reading cell "row_cap_cell_1rw_1r" (byte position 273314): Unknown layer/datatype in boundary, layer=33 type=43
Error while reading cell "row_cap_cell_1rw_1r" (byte position 274338): Unknown layer/datatype in boundary, layer=22 type=21
Error while reading cell "dummy_cell_1rw_1r" (byte position 300126): Unknown layer/datatype in boundary, layer=33 type=42
Error while reading cell "dummy_cell_1rw_1r" (byte position 303902): Unknown layer/datatype in boundary, layer=33 type=43
Error while reading cell "dummy_cell_1rw_1r" (byte position 308094): Unknown layer/datatype in boundary, layer=22 type=21
Error while reading cell "dummy_cell_1rw_1r" (byte position 312958): Unknown layer/datatype in boundary, layer=22 type=22
Error while reading cell "dummy_cell_1rw_1r" (byte position 313214): Unknown layer/datatype in boundary, layer=92 type=44
Error while reading cell "dummy_cell_1rw_1r" (byte position 317342): Unknown layer/datatype in boundary, layer=235 type=0
Error while reading cell "replica_cell_1rw_1r" (byte position 530236): Unknown layer/datatype in boundary, layer=33 type=42
Error while reading cell "replica_cell_1rw_1r" (byte position 534012): Unknown layer/datatype in boundary, layer=33 type=43
Error while reading cell "replica_cell_1rw_1r" (byte position 538204): Unknown layer/datatype in boundary, layer=22 type=21
Error while reading cell "replica_cell_1rw_1r" (byte position 544732): Unknown layer/datatype in boundary, layer=22 type=22
Error while reading cell "replica_cell_1rw_1r" (byte position 544988): Unknown layer/datatype in boundary, layer=92 type=44
Error while reading cell "replica_cell_1rw_1r" (byte position 549244): Unknown layer/datatype in boundary, layer=235 type=0
Total of 1479 warnings.
