[globals/init_openram]: Initializing OpenRAM...
[globals/setup_paths]: Setting up paths...
[globals/setup_paths]: Temporary files saved in /home/jesse/output/
[globals/read_config]: Configuration file is /home/jesse/openram/compiler/example_configs/s8config.py
[globals/read_config]: Output saved in /home/jesse/openram/compiler/sram_0.85/
[globals/import_tech]: Importing technology: sky130
[globals/import_tech]: Adding technology path: /home/jesse/openram/technology
[globals/init_paths]: Creating temp directory: /home/jesse/output/
[verify/<module>]: Initializing verify...
[verify/<module>]: LVS/DRC/PEX disabled.
[characterizer/<module>]: Initializing characterizer...
[characterizer/<module>]: Analytical model enabled.
[globals/setup_bitcell]: Using bitcell: bitcell_1rw_1r
|==============================================================================|
|=========                       OpenRAM v1.1.5                       =========|
|=========                                                            =========|
|=========               VLSI Design and Automation Lab               =========|
|=========        Computer Science and Engineering Department         =========|
|=========            University of California Santa Cruz             =========|
|=========                                                            =========|
|=========          Usage help: openram-user-group@ucsc.edu           =========|
|=========        Development help: openram-dev-group@ucsc.edu        =========|
|=========               Temp dir: /home/jesse/output/                =========|
|=========                See LICENSE for license info                =========|
|==============================================================================|
** Start: 06/25/2020 17:07:21
Technology: sky130
Total size: 256 bits
Word size: 16
Words: 16
Banks: 1
Write size: 8
RW ports: 1
R-only ports: 1
W-only ports: 0
DRC/LVS/PEX is only run on the top-level design to save run-time (inline_lvsdrc=True to do inline checking).
DRC/LVS/PEX is disabled (check_lvsdrc=True to enable).
Characterization is disabled (using analytical delay models) (analytical_delay=False to simulate).
[bitcell_1rw_1r/__init__]: Create bitcell with 1RW and 1R Port
[sram_config/recompute_sizes]: Recomputing with words per row: 1
[sram_config/recompute_sizes]: Rows: 16 Cols: 16
[sram_config/recompute_sizes]: Row addr size: 4 Col addr size: 0 Bank addr size: 4
Words per row: 1
Output files are: 
/home/jesse/openram/compiler/sram_0.85/sram_16_16_sky130_0.85.sp
/home/jesse/openram/compiler/sram_0.85/sram_16_16_sky130_0.85.v
/home/jesse/openram/compiler/sram_0.85/sram_16_16_sky130_0.85.lib
/home/jesse/openram/compiler/sram_0.85/sram_16_16_sky130_0.85.py
/home/jesse/openram/compiler/sram_0.85/sram_16_16_sky130_0.85.html
/home/jesse/openram/compiler/sram_0.85/sram_16_16_sky130_0.85.log
/home/jesse/openram/compiler/sram_0.85/sram_16_16_sky130_0.85.lef
/home/jesse/openram/compiler/sram_0.85/sram_16_16_sky130_0.85.gds
[sram/__init__]: create sram of size 16 with 16 num of words 1 banks
[dff_array/__init__]: Creating row_addr_dff rows=4 cols=1
[dff_array/__init__]: Creating data_dff rows=1 cols=16
[dff_array/__init__]: Creating wmask_dff rows=1 cols=2
[bank/__init__]: create sram of size 16 with 16 words
[port_data/__init__]: create data port of size 16 with 1 words per row
[precharge/__init__]: creating precharge cell precharge
ERROR: file pgate.py: line 402: failed to bin tx size 0.44999999999999996, try reducing accuracy requirement

