[globals/init_openram]: Initializing OpenRAM...
[globals/setup_paths]: Temporary files saved in /tmp/openram_mrg_31317_temp/
[globals/read_config]: Configuration file is /soe/mrg/OpenRAM/lib/freepdk45/configs/sram_1rw_64b_1024w_1bank_freepdk45.py
[globals/read_config]: Output saved in ./
[globals/import_tech]: Technology path is /soe/mrg/OpenRAM/technology/freepdk45/
|==============================================================================|
|=========                      OpenRAM Compiler                      =========|
|=========                                                            =========|
|=========               VLSI Design and Automation Lab               =========|
|=========     University of California Santa Cruz CE Department      =========|
|=========                                                            =========|
|=========         VLSI Computer Architecture Research Group          =========|
|=========          Oklahoma State University ECE Department          =========|
|=========                                                            =========|
|=========          Usage help: openram-user-group@ucsc.edu           =========|
|=========        Development help: openram-dev-group@ucsc.edu        =========|
|=========           Temp dir: /tmp/openram_mrg_31317_temp/           =========|
|==============================================================================|
Output files are sram_1rw_64b_1024w_1bank_freepdk45.(sp|gds|v|lib|lef)
Technology: freepdk45
Word size: 64
Words: 1024
Banks: 1
[globals/get_tool]: Using DRC: /bsoe/software/mentor/calibre/aoi_cal_2017.3_29.23/bin/calibre
[globals/get_tool]: Using LVS: /bsoe/software/mentor/calibre/aoi_cal_2017.3_29.23/bin/calibre
[globals/get_tool]: Using PEX: /bsoe/software/mentor/calibre/aoi_cal_2017.3_29.23/bin/calibre
** Start: 2018-02-24 09:27:13.909126 seconds
[sram/compute_sizes]: Words per row: 4
[control_logic/__init__]: Creating control_logic
[ms_flop_array/__init__]: Creating msf_control
[verify.calibre/run_drc]: msf_control	Geometries: 1768	Checks: 167	Errors: 0
[bitcell_array/__init__]: Creating bitline_load 52 x 1
[verify.calibre/run_drc]: bitline_load	Geometries: 15917	Checks: 167	Errors: 0
[verify.calibre/run_drc]: delay_chain	Geometries: 906	Checks: 167	Errors: 0
[verify.calibre/run_drc]: replica_bitline	Geometries: 17508	Checks: 167	Errors: 0
[verify.calibre/run_drc]: control_logic	Geometries: 21120	Checks: 167	Errors: 0
[bitcell_array/__init__]: Creating bitcell_array 256 x 256
[verify.calibre/run_drc]: bitcell_array	Geometries: 19924226	Checks: 167	Errors: 0
[precharge_array/__init__]: Creating precharge_array
[verify.calibre/run_drc]: precharge	Geometries: 86	Checks: 167	Errors: 0
[verify.calibre/run_drc]: precharge_array	Geometries: 44546	Checks: 167	Errors: 0
[single_level_column_mux_array/__init__]: Creating columnmux_array
[verify.calibre/run_drc]: columnmux_array	Geometries: 24197	Checks: 167	Errors: 0
[sense_amp_array/__init__]: Creating sense_amp_array
[verify.calibre/run_drc]: sense_amp_array	Geometries: 15875	Checks: 167	Errors: 0
[write_driver_array/__init__]: Creating write_driver_array
[verify.calibre/run_drc]: write_driver_array	Geometries: 20739	Checks: 167	Errors: 0
[verify.calibre/run_drc]: pre2x4	Geometries: 969	Checks: 167	Errors: 0
[verify.calibre/run_drc]: pre3x8	Geometries: 2251	Checks: 167	Errors: 0
[verify.calibre/run_drc]: hierarchical_decoder_256rows	Geometries: 70385	Checks: 167	Errors: 0
[ms_flop_array/__init__]: Creating msf_address
[verify.calibre/run_drc]: msf_address	Geometries: 5877	Checks: 167	Errors: 0
[ms_flop_array/__init__]: Creating msf_data_in
[verify.calibre/run_drc]: msf_data_in	Geometries: 37638	Checks: 167	Errors: 0
[tri_gate_array/__init__]: Creating tri_gate_array
[verify.calibre/run_drc]: tri_gate_array	Geometries: 11396	Checks: 167	Errors: 0
[verify.calibre/run_drc]: wordline_driver	Geometries: 70146	Checks: 167	Errors: 0
[verify.calibre/run_drc]: bank	Geometries: 20293913	Checks: 167	Errors: 0
[verify.calibre/run_drc]: sram_1rw_64b_1024w_1bank_freepdk45	Geometries: 20320276	Checks: 167	Errors: 0
** SRAM creation: 1075.6 seconds
SP: Writing to ./sram_1rw_64b_1024w_1bank_freepdk45.sp
** Spice writing: 0.3 seconds
[globals/get_tool]: Using spice: /bsoe/software/synopsys/xa/bin/xa
LIB: Characterizing... 
Performing simulation-based characterization with xa
Trimming netlist to speed up characterization.
[characterizer.lib/prepare_tables]: Loads: [ 0.052275  0.2091    1.6728  ]
[characterizer.lib/prepare_tables]: Slews: [ 0.00125  0.005    0.04   ]
[characterizer.lib/characterize_corners]: Corner: ('TT', 1.0, 25)
[characterizer.lib/characterize_corners]: Writing to ./sram_1rw_64b_1024w_1bank_freepdk45_TT_1p0V_25C.lib
[characterizer.trim_spice/__init__]: Trimming non-critical cells to speed-up characterization: /tmp/openram_mrg_31317_temp/reduced.sp.
[characterizer.trim_spice/trim]: Keeping 1111111111 address
[characterizer.trim_spice/trim]: Keeping 63 data bit
[characterizer.trim_spice/trim]: Keeping bl[255] (trimming other BLs)
[characterizer.trim_spice/trim]: Keeping wl[255] (trimming other WLs)
[characterizer.delay/find_feasible_period]: Trying feasible period: 5.0ns
[characterizer.delay/find_feasible_period]: Found feasible_period: 5.0ns feasible_delay 1.850756ns/0.23319319ns slew 0.032157888ns/0.063655528ns
[characterizer.delay/find_min_period]: MinPeriod Search: 2.5ns (ub: 5.0 lb: 0.0)
[characterizer.delay/find_min_period]: MinPeriod Search: 3.75ns (ub: 5.0 lb: 2.5)
[characterizer.delay/find_min_period]: MinPeriod Search: 3.125ns (ub: 3.75 lb: 2.5)
[characterizer.delay/find_min_period]: MinPeriod Search: 3.4375ns (ub: 3.75 lb: 3.125)
[characterizer.delay/find_min_period]: MinPeriod Search: 3.59375ns (ub: 3.75 lb: 3.4375)
[characterizer.delay/analyze]: Min Period: 3.59375n with a delay of 1.850756 / 0.23319319
[characterizer.setup_hold/analyze]: Clock slew: 0.00125 Data slew: 0.00125
[characterizer.setup_hold/analyze]:   Setup Time for low_to_high transistion: 0.0085449219
[characterizer.setup_hold/analyze]:   Setup Time for high_to_low transistion: 0.0085449219
[characterizer.setup_hold/analyze]:   Hold Time for low_to_high transistion: 0.0024414063
[characterizer.setup_hold/analyze]:   Hold Time for high_to_low transistion: -0.0036621094
[characterizer.setup_hold/analyze]: Clock slew: 0.00125 Data slew: 0.005
[characterizer.setup_hold/analyze]:   Setup Time for low_to_high transistion: 0.014648437
[characterizer.setup_hold/analyze]:   Setup Time for high_to_low transistion: 0.0085449219
[characterizer.setup_hold/analyze]:   Hold Time for low_to_high transistion: 0.0024414062
[characterizer.setup_hold/analyze]:   Hold Time for high_to_low transistion: -0.0036621094
[characterizer.setup_hold/analyze]: Clock slew: 0.00125 Data slew: 0.04
[characterizer.setup_hold/analyze]:   Setup Time for low_to_high transistion: 0.020751953
[characterizer.setup_hold/analyze]:   Setup Time for high_to_low transistion: 0.014648437
[characterizer.setup_hold/analyze]:   Hold Time for low_to_high transistion: -0.0036621094
[characterizer.setup_hold/analyze]:   Hold Time for high_to_low transistion: -0.015869141
[characterizer.setup_hold/analyze]: Clock slew: 0.005 Data slew: 0.00125
[characterizer.setup_hold/analyze]:   Setup Time for low_to_high transistion: 0.0085449219
[characterizer.setup_hold/analyze]:   Setup Time for high_to_low transistion: 0.0085449219
[characterizer.setup_hold/analyze]:   Hold Time for low_to_high transistion: 0.0024414063
[characterizer.setup_hold/analyze]:   Hold Time for high_to_low transistion: -0.0036621094
[characterizer.setup_hold/analyze]: Clock slew: 0.005 Data slew: 0.005
[characterizer.setup_hold/analyze]:   Setup Time for low_to_high transistion: 0.014648437
[characterizer.setup_hold/analyze]:   Setup Time for high_to_low transistion: 0.0085449219
[characterizer.setup_hold/analyze]:   Hold Time for low_to_high transistion: 0.0024414062
[characterizer.setup_hold/analyze]:   Hold Time for high_to_low transistion: -0.0036621094
[characterizer.setup_hold/analyze]: Clock slew: 0.005 Data slew: 0.04
[characterizer.setup_hold/analyze]:   Setup Time for low_to_high transistion: 0.020751953
[characterizer.setup_hold/analyze]:   Setup Time for high_to_low transistion: 0.014648437
[characterizer.setup_hold/analyze]:   Hold Time for low_to_high transistion: -0.0036621094
[characterizer.setup_hold/analyze]:   Hold Time for high_to_low transistion: -0.015869141
[characterizer.setup_hold/analyze]: Clock slew: 0.04 Data slew: 0.00125
[characterizer.setup_hold/analyze]:   Setup Time for low_to_high transistion: 0.0085449219
[characterizer.setup_hold/analyze]:   Setup Time for high_to_low transistion: 0.0085449219
[characterizer.setup_hold/analyze]:   Hold Time for low_to_high transistion: 0.0024414063
[characterizer.setup_hold/analyze]:   Hold Time for high_to_low transistion: -0.0036621094
[characterizer.setup_hold/analyze]: Clock slew: 0.04 Data slew: 0.005
[characterizer.setup_hold/analyze]:   Setup Time for low_to_high transistion: 0.014648437
[characterizer.setup_hold/analyze]:   Setup Time for high_to_low transistion: 0.0085449219
[characterizer.setup_hold/analyze]:   Hold Time for low_to_high transistion: 0.0024414062
[characterizer.setup_hold/analyze]:   Hold Time for high_to_low transistion: -0.0036621094
[characterizer.setup_hold/analyze]: Clock slew: 0.04 Data slew: 0.04
[characterizer.setup_hold/analyze]:   Setup Time for low_to_high transistion: 0.020751953
[characterizer.setup_hold/analyze]:   Setup Time for high_to_low transistion: 0.014648437
[characterizer.setup_hold/analyze]:   Hold Time for low_to_high transistion: -0.0036621094
[characterizer.setup_hold/analyze]:   Hold Time for high_to_low transistion: -0.015869141
** Characterization: 9948.6 seconds
GDS: Writing to ./sram_1rw_64b_1024w_1bank_freepdk45.gds
** GDS: 5.9 seconds
LEF: Writing to ./sram_1rw_64b_1024w_1bank_freepdk45.lef
** LEF: 15.0 seconds
Verilog: Writing to ./sram_1rw_64b_1024w_1bank_freepdk45.v
** Verilog: 0.0 seconds
** End: 11046.3 seconds
